2020-06-10T00:58:39.878Z - info: [ui] [AppStore] loading 0 repositories from store
2020-06-10T00:58:39.887Z - info: [ui] [Welcome] no sign in step found. ignoring...
2020-06-10T00:58:39.889Z - info: [ui] [Welcome] no sign in step found. ignoring...
2020-06-10T00:58:40.361Z - info: [ui] launching: 2.5.0-linux1 (Linux 5.4.0-33-lowlatency)
2020-06-10T00:58:40.361Z - info: [ui] execPath: '/usr/lib/github-desktop/github-desktop'
2020-06-10T00:58:40.363Z - info: [ui] [Welcome] no sign in step found. ignoring...
2020-06-10T00:58:40.400Z - info: [ui] [Welcome] no sign in step found. ignoring...
2020-06-10T00:58:40.401Z - info: [ui] [Welcome] no sign in step found. ignoring...
2020-06-10T00:58:40.600Z - info: [ui] [Welcome] no sign in step found. ignoring...
2020-06-10T00:58:40.612Z - info: [ui] [Welcome] no sign in step found. ignoring...
2020-06-10T00:58:43.819Z - info: [ui] [Welcome] no sign in step found. ignoring...
2020-06-10T00:58:43.832Z - info: [ui] [Welcome] no sign in step found. ignoring...
2020-06-10T00:58:43.939Z - info: [ui] [Welcome] advancing to step: SignInToDotComWithBrowser
2020-06-10T00:58:43.942Z - info: [ui] [SignInStore] initializing OAuth flow
2020-06-10T00:58:43.952Z - info: [main] opening in browser: https://github.com/login/oauth/authorize?client_id=3a723b10ac5575cc5bb9&scope=repo%20user%20workflow&state=5e14be70-e5f8-4431-9a25-245ce9227acd
2020-06-10T00:58:43.956Z - info: [ui] [Welcome] current sign in state not found. ignoring...
2020-06-10T00:58:44.188Z - info: [ui] [Welcome] kind Authentication is the same as Authentication. ignoring...
2020-06-10T00:58:44.205Z - info: [ui] [Welcome] kind Authentication is the same as Authentication. ignoring...
2020-06-10T00:59:09.080Z - info: [main] Received possible protocol arguments: 2
2020-06-10T00:59:09.080Z - info: [main] Processing protocol url
2020-06-10T00:59:09.088Z - info: [ui] [Dispatcher] requesting authenticated user
2020-06-10T00:59:09.094Z - info: [ui] [Welcome] kind Authentication is the same as Authentication. ignoring...
2020-06-10T00:59:09.106Z - info: [ui] [Welcome] kind Authentication is the same as Authentication. ignoring...
2020-06-10T00:59:10.645Z - info: [ui] [SignInStore] account resolved
2020-06-10T00:59:10.646Z - info: [ui] [AppStore] adding account fenrirpride (fenrirpride) to store
2020-06-10T00:59:10.658Z - info: [ui] [Welcome] advancing to step: ConfigureGit
2020-06-10T00:59:10.857Z - info: [ui] [Welcome] no sign in step found. ignoring...
2020-06-10T00:59:11.349Z - info: [ui] [Welcome] no sign in step found. ignoring...
2020-06-10T00:59:13.006Z - info: [ui] [Welcome] advancing to step: UsageOptOut
2020-06-10T00:59:17.051Z - info: [ui] Opt in reported.
2020-06-10T00:59:32.865Z - info: [ui] [AppStore] adding repository at /home/yukio/MyCode/dotfiles to store
2020-06-10T00:59:33.896Z - info: [ui] [AppStore.withAuthenticatingUser] account found for repository: dotfiles - fenrirpride (has token)
2020-06-10T00:59:33.946Z - info: [ui] [AppStore.withAuthenticatingUser] account found for repository: dotfiles - fenrirpride (has token)
2020-06-10T00:59:34.017Z - info: [ui] [AppStore.withAuthenticatingUser] account found for repository: dotfiles - fenrirpride (has token)
2020-06-10T00:59:34.125Z - info: [ui] [BranchPruner] No branches to prune.
2020-06-10T00:59:35.464Z - info: [ui] Executing fetchTagsToPush: git -c credential.helper= -c protocol.version=2 push origin master --follow-tags --dry-run --porcelain (took 1.486s)
2020-06-10T00:59:35.467Z - info: [ui] Executing fetchTagsToPush: git -c credential.helper= -c protocol.version=2 push origin master --follow-tags --dry-run --porcelain (took 1.443s)
2020-06-10T00:59:35.469Z - info: [ui] Executing fetchTagsToPush: git -c credential.helper= -c protocol.version=2 push origin master --follow-tags --dry-run --porcelain (took 1.507s)
2020-06-10T01:00:10.002Z - info: [ui] [AppStore.getAccountForRemoteURL] account found for remote: https://github.com/fenrirpride/ansible.git - fenrirpride (has token)
2020-06-10T01:00:13.323Z - info: [ui] Executing clone: git -c credential.helper= -c protocol.version=2 clone --recursive --progress -- https://github.com/fenrirpride/ansible.git /home/yukio/Documents/GitHub/ansible (took 3.274s)
2020-06-10T01:00:13.334Z - info: [ui] [AppStore] adding repository at /home/yukio/Documents/GitHub/ansible to store
2020-06-10T01:00:13.495Z - info: [ui] [AppStore.withAuthenticatingUser] account found for repository: dotfiles - fenrirpride (has token)
2020-06-10T01:00:13.591Z - info: [ui] [BranchPruner] Last prune took place in a day - skipping
2020-06-10T01:00:13.730Z - info: [ui] [AppStore.withAuthenticatingUser] account found for repository: ansible - fenrirpride (has token)
2020-06-10T01:00:13.771Z - info: [ui] [AppStore.withAuthenticatingUser] account found for repository: ansible - fenrirpride (has token)
2020-06-10T01:00:13.863Z - info: [ui] [BranchPruner] No branches to prune.
2020-06-10T01:00:14.940Z - info: [ui] Executing fetchTagsToPush: git -c credential.helper= -c protocol.version=2 push origin master --follow-tags --dry-run --porcelain (took 1.423s)
2020-06-10T01:00:15.223Z - info: [ui] Executing fetchTagsToPush: git -c credential.helper= -c protocol.version=2 push origin master --follow-tags --dry-run --porcelain (took 1.432s)
2020-06-10T01:00:15.226Z - info: [ui] Executing fetchTagsToPush: git -c credential.helper= -c protocol.version=2 push origin master --follow-tags --dry-run --porcelain (took 1.438s)
2020-06-10T01:00:15.392Z - info: [ui] Executing fetch: git -c credential.helper= -c protocol.version=2 fetch --progress --prune origin (took 1.882s)
2020-06-10T01:00:15.472Z - info: [ui] [AppStore.withAuthenticatingUser] account found for repository: dotfiles - fenrirpride (has token)
2020-06-10T01:00:25.582Z - info: [ui] [AppStore.withAuthenticatingUser] account found for repository: ansible - fenrirpride (has token)
2020-06-10T01:00:25.585Z - info: [ui] [BranchPruner] Last prune took place in a day - skipping
2020-06-10T01:00:27.456Z - info: [ui] Executing fetchTagsToPush: git -c credential.helper= -c protocol.version=2 push origin master --follow-tags --dry-run --porcelain (took 1.855s)
2020-06-10T01:00:28.408Z - info: [ui] Executing fetch: git -c credential.helper= -c protocol.version=2 fetch --progress --prune origin (took 2.812s)
2020-06-10T01:00:28.476Z - info: [ui] [AppStore.withAuthenticatingUser] account found for repository: ansible - fenrirpride (has token)
2020-06-10T01:00:33.818Z - info: [ui] [AppStore.withAuthenticatingUser] account found for repository: dotfiles - fenrirpride (has token)
2020-06-10T01:00:33.847Z - info: [ui] [BranchPruner] No branches to prune.
2020-06-10T01:00:35.210Z - info: [ui] Executing fetchTagsToPush: git -c credential.helper= -c protocol.version=2 push origin master --follow-tags --dry-run --porcelain (took 1.383s)
2020-06-10T01:00:45.936Z - info: [ui] [AppStore.withAuthenticatingUser] account found for repository: dotfiles - fenrirpride (has token)
2020-06-10T01:00:57.382Z - info: [ui] [AppStore.withAuthenticatingUser] account found for repository: dotfiles - fenrirpride (has token)
2020-06-10T01:00:58.934Z - info: [ui] [AppStore.getAccountForRemoteURL] account found for remote: https://github.com/fenrirpride/ansible.git - fenrirpride (has token)
2020-06-10T01:01:01.800Z - info: [ui] Executing clone: git -c credential.helper= -c protocol.version=2 clone --recursive --progress -- https://github.com/fenrirpride/ansible.git /home/yukio/MyCode/ansible (took 2.812s)
2020-06-10T01:01:01.810Z - info: [ui] [AppStore] adding repository at /home/yukio/MyCode/ansible to store
2020-06-10T01:01:01.962Z - info: [ui] [AppStore.withAuthenticatingUser] account found for repository: dotfiles - fenrirpride (has token)
2020-06-10T01:01:02.115Z - info: [ui] [AppStore.withAuthenticatingUser] account found for repository: ansible - fenrirpride (has token)
2020-06-10T01:01:02.153Z - info: [ui] [AppStore.withAuthenticatingUser] account found for repository: ansible - fenrirpride (has token)
2020-06-10T01:01:02.197Z - info: [ui] [BranchPruner] No branches to prune.
2020-06-10T01:01:02.225Z - info: [ui] [BranchPruner] No branches to prune.
2020-06-10T01:01:11.122Z - info: [ui] [AppStore.withAuthenticatingUser] account found for repository: ansible - fenrirpride (has token)
2020-06-10T01:01:13.828Z - info: [ui] [AppStore.getAccountForRemoteURL] account found for remote: https://github.com/fenrirpride/python.git - fenrirpride (has token)
2020-06-10T01:01:18.212Z - info: [ui] Executing clone: git -c credential.helper= -c protocol.version=2 clone --recursive --progress -- https://github.com/fenrirpride/python.git /home/yukio/MyCode/python (took 4.335s)
2020-06-10T01:01:18.221Z - info: [ui] [AppStore] adding repository at /home/yukio/MyCode/python to store
2020-06-10T01:01:18.338Z - info: [ui] [AppStore.withAuthenticatingUser] account found for repository: ansible - fenrirpride (has token)
2020-06-10T01:01:18.436Z - info: [ui] [BranchPruner] Last prune took place in a day - skipping
2020-06-10T01:01:18.515Z - info: [ui] [AppStore.withAuthenticatingUser] account found for repository: python - fenrirpride (has token)
2020-06-10T01:01:18.599Z - info: [ui] [AppStore.withAuthenticatingUser] account found for repository: python - fenrirpride (has token)
2020-06-10T01:01:18.633Z - info: [ui] [BranchPruner] No branches to prune.
2020-06-10T01:01:19.805Z - info: [ui] Executing fetchTagsToPush: git -c credential.helper= -c protocol.version=2 push origin master --follow-tags --dry-run --porcelain (took 1.441s)
2020-06-10T01:01:19.924Z - info: [ui] Executing fetchTagsToPush: git -c credential.helper= -c protocol.version=2 push origin master --follow-tags --dry-run --porcelain (took 1.394s)
2020-06-10T01:01:20.022Z - info: [ui] Executing fetchTagsToPush: git -c credential.helper= -c protocol.version=2 push origin master --follow-tags --dry-run --porcelain (took 1.406s)
2020-06-10T01:01:20.773Z - info: [ui] Executing fetch: git -c credential.helper= -c protocol.version=2 fetch --progress --prune origin (took 2.414s)
2020-06-10T01:01:20.848Z - info: [ui] [AppStore.withAuthenticatingUser] account found for repository: ansible - fenrirpride (has token)
2020-06-10T01:06:22.395Z - info: [ui] Executing fetch: git -c credential.helper= -c protocol.version=2 fetch --progress --prune origin (took 2.458s)
2020-06-10T01:06:22.914Z - info: [ui] [AppStore.withAuthenticatingUser] account found for repository: python - fenrirpride (has token)
2020-06-10T01:06:24.344Z - info: [ui] Executing fetchTagsToPush: git -c credential.helper= -c protocol.version=2 push origin master --follow-tags --dry-run --porcelain (took 1.415s)
2020-06-10T01:15:40.992Z - info: [ui] Background fetch for 3 repositories took 1.049sec
2020-06-10T01:30:40.968Z - info: [ui] Background fetch for 3 repositories took 1.049sec
2020-06-10T01:36:34.449Z - info: [ui] Executing fetch: git -c credential.helper= -c protocol.version=2 fetch --progress --prune origin (took 2.755s)
2020-06-10T01:36:34.964Z - info: [ui] [AppStore.withAuthenticatingUser] account found for repository: python - fenrirpride (has token)
2020-06-10T01:36:36.396Z - info: [ui] Executing fetchTagsToPush: git -c credential.helper= -c protocol.version=2 push origin master --follow-tags --dry-run --porcelain (took 1.419s)
2020-06-10T01:45:41.110Z - info: [ui] Background fetch for 3 repositories took 1.192sec
2020-06-10T01:55:12.762Z - info: [ui] [AppStore.withAuthenticatingUser] account found for repository: python - fenrirpride (has token)
2020-06-10T01:55:14.411Z - info: [ui] [AppStore.withAuthenticatingUser] account found for repository: ansible - fenrirpride (has token)
2020-06-10T01:55:14.468Z - info: [ui] [BranchPruner] No branches to prune.
2020-06-10T01:55:16.001Z - info: [ui] Executing fetchTagsToPush: git -c credential.helper= -c protocol.version=2 push origin master --follow-tags --dry-run --porcelain (took 1.570s)
2020-06-10T01:55:16.973Z - info: [ui] Executing fetch: git -c credential.helper= -c protocol.version=2 fetch --progress --prune origin (took 2.547s)
2020-06-10T01:55:17.047Z - info: [ui] [AppStore.withAuthenticatingUser] account found for repository: ansible - fenrirpride (has token)
2020-06-10T02:00:40.831Z - info: [ui] Background fetch for 3 repositories took 0.913sec
2020-06-10T02:05:37.686Z - info: [ui] [AppStore.withAuthenticatingUser] account found for repository: ansible - fenrirpride (has token)
2020-06-10T09:09:14.365Z - info: [ui] [AppStore] loading 3 repositories from store
2020-06-10T09:09:14.366Z - info: [ui] [AppStore] found account: fenrirpride (fenrirpride)
2020-06-10T09:09:15.715Z - info: [ui] [AppStore.withAuthenticatingUser] account found for repository: ansible - fenrirpride (has token)
2020-06-10T09:09:15.772Z - info: [ui] [AppStore.withAuthenticatingUser] account found for repository: ansible - fenrirpride (has token)
2020-06-10T09:09:15.870Z - info: [ui] launching: 2.5.0-linux1 (Linux 5.4.0-37-lowlatency)
2020-06-10T09:09:15.871Z - info: [ui] execPath: '/usr/lib/github-desktop/github-desktop'
2020-06-10T09:09:15.902Z - info: [ui] [BranchPruner] No branches to prune.
2020-06-10T09:09:17.223Z - info: [ui] Executing fetchTagsToPush: git -c credential.helper= -c protocol.version=2 push origin master --follow-tags --dry-run --porcelain (took 1.462s)
2020-06-10T09:09:17.226Z - info: [ui] Executing fetchTagsToPush: git -c credential.helper= -c protocol.version=2 push origin master --follow-tags --dry-run --porcelain (took 1.425s)
2020-06-10T09:09:17.336Z - info: [ui] Stats reported.
2020-06-10T09:09:39.297Z - info: [ui] [AppStore.getAccountForRemoteURL] account found for remote: https://github.com/fenrirpride/Novel.git - fenrirpride (has token)
2020-06-10T09:09:42.255Z - info: [ui] Executing clone: git -c credential.helper= -c protocol.version=2 clone --recursive --progress -- https://github.com/fenrirpride/Novel.git /home/yukio/MyCode/Novel (took 2.909s)
2020-06-10T09:09:42.263Z - info: [ui] [AppStore] adding repository at /home/yukio/MyCode/Novel to store
2020-06-10T09:09:42.417Z - info: [ui] [AppStore.withAuthenticatingUser] account found for repository: ansible - fenrirpride (has token)
2020-06-10T09:09:42.473Z - info: [ui] [BranchPruner] Last prune took place in a day - skipping
2020-06-10T09:09:42.608Z - info: [ui] [AppStore.withAuthenticatingUser] account found for repository: Novel - fenrirpride (has token)
2020-06-10T09:09:42.668Z - info: [ui] [AppStore.withAuthenticatingUser] account found for repository: Novel - fenrirpride (has token)
2020-06-10T09:09:42.780Z - info: [ui] [BranchPruner] No branches to prune.
2020-06-10T09:09:43.855Z - info: [ui] Executing fetchTagsToPush: git -c credential.helper= -c protocol.version=2 push origin master --follow-tags --dry-run --porcelain (took 1.417s)
2020-06-10T09:09:44.417Z - info: [ui] Executing fetchTagsToPush: git -c credential.helper= -c protocol.version=2 push origin master --follow-tags --dry-run --porcelain (took 1.761s)
2020-06-10T09:09:44.418Z - info: [ui] Executing fetchTagsToPush: git -c credential.helper= -c protocol.version=2 push origin master --follow-tags --dry-run --porcelain (took 1.695s)
2020-06-10T09:09:44.838Z - info: [ui] Executing fetch: git -c credential.helper= -c protocol.version=2 fetch --progress --prune origin (took 2.406s)
2020-06-10T09:09:44.921Z - info: [ui] [AppStore.withAuthenticatingUser] account found for repository: ansible - fenrirpride (has token)
2020-06-10T09:09:59.430Z - info: [ui] [AppStore] adding repository at /home/yukio/MyCode/Text to store
2020-06-10T09:10:17.633Z - info: [ui] Executing push: git -c credential.helper= -c protocol.version=2 push origin master --set-upstream --follow-tags --progress (took 4.920s)
2020-06-10T09:10:20.043Z - info: [ui] Executing fetch: git -c credential.helper= -c protocol.version=2 fetch --progress --prune origin (took 2.400s)
2020-06-10T09:10:20.426Z - info: [ui] [AppStore.withAuthenticatingUser] account found for repository: Text - fenrirpride (has token)
2020-06-10T09:10:20.628Z - info: [ui] [AppStore.withAuthenticatingUser] account found for repository: Text - fenrirpride (has token)
2020-06-10T09:10:20.673Z - info: [ui] [AppStore.withAuthenticatingUser] account found for repository: Text - fenrirpride (has token)
2020-06-10T09:10:20.756Z - info: [ui] [BranchPruner] No branches to prune.
2020-06-10T09:10:21.878Z - info: [ui] Executing fetchTagsToPush: git -c credential.helper= -c protocol.version=2 push origin master --follow-tags --dry-run --porcelain (took 1.436s)
2020-06-10T09:10:22.146Z - info: [ui] Executing fetchTagsToPush: git -c credential.helper= -c protocol.version=2 push origin master --follow-tags --dry-run --porcelain (took 1.426s)
2020-06-10T09:10:22.155Z - info: [ui] Executing fetchTagsToPush: git -c credential.helper= -c protocol.version=2 push origin master --follow-tags --dry-run --porcelain (took 1.455s)
2020-06-10T09:11:15.625Z - info: [ui] [AppStore.withAuthenticatingUser] account found for repository: Novel - fenrirpride (has token)
2020-06-10T09:11:17.819Z - info: [ui] Executing fetch: git -c credential.helper= -c protocol.version=2 fetch --progress --prune origin (took 2.185s)
2020-06-10T09:11:18.113Z - info: [ui] [AppStore.withAuthenticatingUser] account found for repository: Novel - fenrirpride (has token)
2020-06-10T09:11:18.145Z - info: [ui] Background fetch for 5 repositories took 3.734sec
2020-06-10T09:11:19.521Z - info: [ui] Executing fetchTagsToPush: git -c credential.helper= -c protocol.version=2 push origin master --follow-tags --dry-run --porcelain (took 1.399s)
2020-06-10T09:16:11.138Z - info: [ui] [AppStore.withAuthenticatingUser] account found for repository: Text - fenrirpride (has token)
2020-06-10T09:16:13.008Z - info: [ui] Executing fetchTagsToPush: git -c credential.helper= -c protocol.version=2 push origin master --follow-tags --dry-run --porcelain (took 1.856s)
2020-06-10T09:17:11.980Z - info: [ui] [AppStore.withAuthenticatingUser] account found for repository: Text - fenrirpride (has token)
2020-06-10T09:18:05.931Z - info: [ui] [AppStore.withAuthenticatingUser] account found for repository: Text - fenrirpride (has token)
2020-06-10T09:26:20.360Z - info: [ui] Background fetch for 5 repositories took 2.205sec
2020-06-10T09:41:19.719Z - info: [ui] Background fetch for 5 repositories took 1.574sec
