2020-01-10 00:01:34,390 INFO - root - Initialising application
2020-01-10 00:01:34,394 INFO - root - Initialise global hotkeys
2020-01-10 00:01:34,394 INFO - config-manager - No configuration found - creating new one
2020-01-10 00:01:34,396 INFO - config-manager - Configuration changed - rebuilding in-memory structures
2020-01-10 00:01:34,397 INFO - config-manager - Persisting configuration
2020-01-10 00:01:34,397 INFO - config-manager - Finished persisting configuration - no errors
2020-01-10 00:01:34,397 INFO - service - Starting service
2020-01-10 00:01:34,444 INFO - interface - XRecord interface thread starting
2020-01-10 00:01:34,445 INFO - service - Service now marked as running
2020-01-10 00:01:34,517 INFO - root - Displaying configuration window
2020-01-10 00:01:34,693 INFO - root - Entering main()
2020-01-10 00:01:56,073 INFO - config-manager - Configuration changed - rebuilding in-memory structures
2020-01-10 00:01:56,073 INFO - config-manager - Persisting configuration
2020-01-10 00:01:56,073 INFO - config-manager - Backing up existing config file
2020-01-10 00:01:56,075 INFO - config-manager - Finished persisting configuration - no errors
2020-01-10 00:02:12,798 ERROR - interface - Error in X event loop thread
Traceback (most recent call last):
  File "/usr/lib/python2.7/dist-packages/autokey/interface.py", line 116, in __eventLoop
    method(*args)
  File "/usr/lib/python2.7/dist-packages/autokey/interface.py", line 578, in __sendString
    self.__checkWorkaroundNeeded()
  File "/usr/lib/python2.7/dist-packages/autokey/interface.py", line 863, in __checkWorkaroundNeeded
    w = self.app.configManager.workAroundApps
AttributeError: ConfigManager instance has no attribute 'workAroundApps'
2020-01-10 00:02:12,808 ERROR - interface - Error in X event loop thread
Traceback (most recent call last):
  File "/usr/lib/python2.7/dist-packages/autokey/interface.py", line 116, in __eventLoop
    method(*args)
  File "/usr/lib/python2.7/dist-packages/autokey/interface.py", line 578, in __sendString
    self.__checkWorkaroundNeeded()
  File "/usr/lib/python2.7/dist-packages/autokey/interface.py", line 863, in __checkWorkaroundNeeded
    w = self.app.configManager.workAroundApps
AttributeError: ConfigManager instance has no attribute 'workAroundApps'
2020-01-10 00:02:12,812 ERROR - interface - Error in X event loop thread
Traceback (most recent call last):
  File "/usr/lib/python2.7/dist-packages/autokey/interface.py", line 116, in __eventLoop
    method(*args)
  File "/usr/lib/python2.7/dist-packages/autokey/interface.py", line 578, in __sendString
    self.__checkWorkaroundNeeded()
  File "/usr/lib/python2.7/dist-packages/autokey/interface.py", line 863, in __checkWorkaroundNeeded
    w = self.app.configManager.workAroundApps
AttributeError: ConfigManager instance has no attribute 'workAroundApps'
2020-01-10 00:02:12,814 ERROR - interface - Error in X event loop thread
Traceback (most recent call last):
  File "/usr/lib/python2.7/dist-packages/autokey/interface.py", line 116, in __eventLoop
    method(*args)
  File "/usr/lib/python2.7/dist-packages/autokey/interface.py", line 578, in __sendString
    self.__checkWorkaroundNeeded()
  File "/usr/lib/python2.7/dist-packages/autokey/interface.py", line 863, in __checkWorkaroundNeeded
    w = self.app.configManager.workAroundApps
AttributeError: ConfigManager instance has no attribute 'workAroundApps'
2020-01-10 00:02:13,150 INFO - service - Undoing last abbreviation expansion
2020-01-10 00:02:13,191 ERROR - interface - Error in X event loop thread
Traceback (most recent call last):
  File "/usr/lib/python2.7/dist-packages/autokey/interface.py", line 116, in __eventLoop
    method(*args)
  File "/usr/lib/python2.7/dist-packages/autokey/interface.py", line 578, in __sendString
    self.__checkWorkaroundNeeded()
  File "/usr/lib/python2.7/dist-packages/autokey/interface.py", line 863, in __checkWorkaroundNeeded
    w = self.app.configManager.workAroundApps
AttributeError: ConfigManager instance has no attribute 'workAroundApps'
2020-01-10 00:02:15,110 ERROR - interface - Error in X event loop thread
Traceback (most recent call last):
  File "/usr/lib/python2.7/dist-packages/autokey/interface.py", line 116, in __eventLoop
    method(*args)
  File "/usr/lib/python2.7/dist-packages/autokey/interface.py", line 578, in __sendString
    self.__checkWorkaroundNeeded()
  File "/usr/lib/python2.7/dist-packages/autokey/interface.py", line 863, in __checkWorkaroundNeeded
    w = self.app.configManager.workAroundApps
AttributeError: ConfigManager instance has no attribute 'workAroundApps'
2020-01-10 00:02:15,116 ERROR - interface - Error in X event loop thread
Traceback (most recent call last):
  File "/usr/lib/python2.7/dist-packages/autokey/interface.py", line 116, in __eventLoop
    method(*args)
  File "/usr/lib/python2.7/dist-packages/autokey/interface.py", line 578, in __sendString
    self.__checkWorkaroundNeeded()
  File "/usr/lib/python2.7/dist-packages/autokey/interface.py", line 863, in __checkWorkaroundNeeded
    w = self.app.configManager.workAroundApps
AttributeError: ConfigManager instance has no attribute 'workAroundApps'
2020-01-10 00:02:15,123 ERROR - interface - Error in X event loop thread
Traceback (most recent call last):
  File "/usr/lib/python2.7/dist-packages/autokey/interface.py", line 116, in __eventLoop
    method(*args)
  File "/usr/lib/python2.7/dist-packages/autokey/interface.py", line 578, in __sendString
    self.__checkWorkaroundNeeded()
  File "/usr/lib/python2.7/dist-packages/autokey/interface.py", line 863, in __checkWorkaroundNeeded
    w = self.app.configManager.workAroundApps
AttributeError: ConfigManager instance has no attribute 'workAroundApps'
2020-01-10 00:02:15,125 ERROR - interface - Error in X event loop thread
Traceback (most recent call last):
  File "/usr/lib/python2.7/dist-packages/autokey/interface.py", line 116, in __eventLoop
    method(*args)
  File "/usr/lib/python2.7/dist-packages/autokey/interface.py", line 578, in __sendString
    self.__checkWorkaroundNeeded()
  File "/usr/lib/python2.7/dist-packages/autokey/interface.py", line 863, in __checkWorkaroundNeeded
    w = self.app.configManager.workAroundApps
AttributeError: ConfigManager instance has no attribute 'workAroundApps'
2020-01-10 00:02:15,637 INFO - service - Undoing last abbreviation expansion
2020-01-10 00:02:15,676 ERROR - interface - Error in X event loop thread
Traceback (most recent call last):
  File "/usr/lib/python2.7/dist-packages/autokey/interface.py", line 116, in __eventLoop
    method(*args)
  File "/usr/lib/python2.7/dist-packages/autokey/interface.py", line 578, in __sendString
    self.__checkWorkaroundNeeded()
  File "/usr/lib/python2.7/dist-packages/autokey/interface.py", line 863, in __checkWorkaroundNeeded
    w = self.app.configManager.workAroundApps
AttributeError: ConfigManager instance has no attribute 'workAroundApps'
2020-01-10 00:02:26,815 INFO - config-manager - Configuration changed - rebuilding in-memory structures
2020-01-10 00:02:30,396 INFO - config-manager - Configuration changed - rebuilding in-memory structures
2020-01-10 00:02:30,397 INFO - config-manager - Persisting configuration
2020-01-10 00:02:30,397 INFO - config-manager - Backing up existing config file
2020-01-10 00:02:30,400 INFO - config-manager - Finished persisting configuration - no errors
2020-01-10 00:02:33,220 INFO - config-manager - Configuration changed - rebuilding in-memory structures
2020-01-10 00:02:33,221 INFO - config-manager - Persisting configuration
2020-01-10 00:02:33,221 INFO - config-manager - Backing up existing config file
2020-01-10 00:02:33,225 INFO - config-manager - Finished persisting configuration - no errors
2020-01-10 00:02:36,220 INFO - config-manager - Configuration changed - rebuilding in-memory structures
2020-01-10 00:02:36,220 INFO - config-manager - Persisting configuration
2020-01-10 00:02:36,221 INFO - config-manager - Backing up existing config file
2020-01-10 00:02:36,224 INFO - config-manager - Finished persisting configuration - no errors
2020-01-10 00:02:38,702 INFO - config-manager - Configuration changed - rebuilding in-memory structures
2020-01-10 00:02:38,702 INFO - config-manager - Persisting configuration
2020-01-10 00:02:38,702 INFO - config-manager - Backing up existing config file
2020-01-10 00:02:38,706 INFO - config-manager - Finished persisting configuration - no errors
2020-01-10 00:03:02,423 INFO - config-manager - Configuration changed - rebuilding in-memory structures
2020-01-10 00:03:29,142 INFO - config-manager - Configuration changed - rebuilding in-memory structures
2020-01-10 00:13:28,064 INFO - config-manager - Configuration changed - rebuilding in-memory structures
2020-01-10 00:13:28,065 INFO - config-manager - Persisting configuration
2020-01-10 00:13:28,065 INFO - config-manager - Backing up existing config file
2020-01-10 00:13:28,066 INFO - config-manager - Finished persisting configuration - no errors
2020-01-10 00:33:38,666 INFO - root - Initialising application
2020-01-10 00:33:38,690 INFO - root - Initialise global hotkeys
2020-01-10 00:33:38,691 INFO - config-manager - Loading config from existing file: /home/yukio/.config/autokey/autokey.json
2020-01-10 00:33:38,695 INFO - config-manager - Configuration changed - rebuilding in-memory structures
2020-01-10 00:33:38,696 INFO - config-manager - Successfully loaded configuration
2020-01-10 00:33:38,696 INFO - service - Starting service
2020-01-10 00:33:38,795 INFO - interface - XRecord interface thread starting
2020-01-10 00:33:38,800 INFO - service - Service now marked as running
2020-01-10 00:33:38,900 INFO - root - Entering main()
2020-01-10 09:33:43,584 INFO - root - Initialising application
2020-01-10 09:33:43,600 INFO - root - Initialise global hotkeys
2020-01-10 09:33:43,601 INFO - config-manager - Loading config from existing file: /home/yukio/.config/autokey/autokey.json
2020-01-10 09:33:43,609 INFO - config-manager - Configuration changed - rebuilding in-memory structures
2020-01-10 09:33:43,609 INFO - config-manager - Successfully loaded configuration
2020-01-10 09:33:43,610 INFO - service - Starting service
2020-01-10 09:33:43,753 INFO - interface - XRecord interface thread starting
2020-01-10 09:33:43,754 INFO - service - Service now marked as running
2020-01-10 09:33:44,276 INFO - root - Entering main()
2020-01-10 09:36:19,586 INFO - root - Initialising application
2020-01-10 09:36:19,614 INFO - root - Initialise global hotkeys
2020-01-10 09:36:19,614 INFO - config-manager - Loading config from existing file: /home/yukio/.config/autokey/autokey.json
2020-01-10 09:36:19,618 INFO - config-manager - Configuration changed - rebuilding in-memory structures
2020-01-10 09:36:19,618 INFO - config-manager - Successfully loaded configuration
2020-01-10 09:36:19,619 INFO - service - Starting service
2020-01-10 09:36:19,782 INFO - interface - XRecord interface thread starting
2020-01-10 09:36:19,791 INFO - service - Service now marked as running
2020-01-10 09:36:20,042 INFO - root - Entering main()
2020-01-10 10:07:33,662 INFO - root - Displaying configuration window
2020-01-10 10:08:18,859 INFO - config-manager - Configuration changed - rebuilding in-memory structures
2020-01-10 10:08:47,470 INFO - config-manager - Configuration changed - rebuilding in-memory structures
2020-01-10 10:08:47,470 INFO - config-manager - Persisting configuration
2020-01-10 10:08:47,470 INFO - config-manager - Backing up existing config file
2020-01-10 10:08:47,471 INFO - config-manager - Finished persisting configuration - no errors
2020-01-10 10:10:08,427 INFO - config-manager - Configuration changed - rebuilding in-memory structures
2020-01-10 10:10:08,427 INFO - config-manager - Persisting configuration
2020-01-10 10:10:08,428 INFO - config-manager - Backing up existing config file
2020-01-10 10:10:08,428 INFO - config-manager - Finished persisting configuration - no errors
2020-01-10 10:10:11,360 INFO - root - Displaying configuration window
2020-01-10 10:10:51,079 INFO - config-manager - Configuration changed - rebuilding in-memory structures
2020-01-10 10:11:16,380 INFO - config-manager - Configuration changed - rebuilding in-memory structures
2020-01-10 10:11:16,381 INFO - config-manager - Persisting configuration
2020-01-10 10:11:16,382 INFO - config-manager - Backing up existing config file
2020-01-10 10:11:16,383 INFO - config-manager - Finished persisting configuration - no errors
2020-01-10 10:11:20,336 INFO - root - Displaying configuration window
2020-01-10 10:11:32,629 INFO - config-manager - Configuration changed - rebuilding in-memory structures
2020-01-10 10:11:32,630 INFO - config-manager - Persisting configuration
2020-01-10 10:11:32,630 INFO - config-manager - Backing up existing config file
2020-01-10 10:11:32,631 INFO - config-manager - Finished persisting configuration - no errors
2020-01-10 11:16:19,441 INFO - root - Initialising application
2020-01-10 11:16:19,467 INFO - root - Initialise global hotkeys
2020-01-10 11:16:19,468 INFO - config-manager - Loading config from existing file: /home/yukio/.config/autokey/autokey.json
2020-01-10 11:16:19,472 INFO - config-manager - Configuration changed - rebuilding in-memory structures
2020-01-10 11:16:19,472 INFO - config-manager - Successfully loaded configuration
2020-01-10 11:16:19,472 INFO - service - Starting service
2020-01-10 11:16:19,629 INFO - interface - XRecord interface thread starting
2020-01-10 11:16:19,635 INFO - service - Service now marked as running
2020-01-10 11:16:19,866 INFO - root - Entering main()
2020-01-10 11:18:04,119 INFO - root - Initialising application
2020-01-10 11:18:04,158 INFO - root - Initialise global hotkeys
2020-01-10 11:18:04,158 INFO - config-manager - Loading config from existing file: /home/yukio/.config/autokey/autokey.json
2020-01-10 11:18:04,163 INFO - config-manager - Configuration changed - rebuilding in-memory structures
2020-01-10 11:18:04,163 INFO - config-manager - Successfully loaded configuration
2020-01-10 11:18:04,163 INFO - service - Starting service
2020-01-10 11:18:04,350 INFO - service - Service now marked as running
2020-01-10 11:18:04,356 INFO - interface - XRecord interface thread starting
2020-01-10 11:18:04,533 INFO - root - Entering main()
2020-01-10 12:36:58,254 INFO - root - Displaying configuration window
2020-01-10 12:37:00,274 INFO - config-manager - Configuration changed - rebuilding in-memory structures
2020-01-10 12:37:00,274 INFO - config-manager - Persisting configuration
2020-01-10 12:37:00,275 INFO - config-manager - Backing up existing config file
2020-01-10 12:37:00,276 INFO - config-manager - Finished persisting configuration - no errors
2020-01-10 13:17:55,271 INFO - root - Initialising application
2020-01-10 13:17:55,301 INFO - root - Initialise global hotkeys
2020-01-10 13:17:55,301 INFO - config-manager - Loading config from existing file: /home/yukio/.config/autokey/autokey.json
2020-01-10 13:17:55,305 INFO - config-manager - Configuration changed - rebuilding in-memory structures
2020-01-10 13:17:55,305 INFO - config-manager - Successfully loaded configuration
2020-01-10 13:17:55,305 INFO - service - Starting service
2020-01-10 13:17:55,550 INFO - interface - XRecord interface thread starting
2020-01-10 13:17:55,551 INFO - service - Service now marked as running
2020-01-10 13:17:55,779 INFO - root - Entering main()
2020-01-10 15:29:53,721 INFO - root - Initialising application
2020-01-10 15:29:53,778 INFO - root - Initialise global hotkeys
2020-01-10 15:29:53,779 INFO - config-manager - Loading config from existing file: /home/yukio/.config/autokey/autokey.json
2020-01-10 15:29:53,797 INFO - config-manager - Configuration changed - rebuilding in-memory structures
2020-01-10 15:29:53,798 INFO - config-manager - Successfully loaded configuration
2020-01-10 15:29:53,798 INFO - service - Starting service
2020-01-10 15:29:54,034 INFO - interface - XRecord interface thread starting
2020-01-10 15:29:54,036 INFO - service - Service now marked as running
2020-01-10 15:29:54,399 INFO - root - Entering main()
2020-01-10 23:31:27,555 INFO - root - Initialising application
2020-01-10 23:31:27,582 INFO - root - Initialise global hotkeys
2020-01-10 23:31:27,582 INFO - config-manager - Loading config from existing file: /home/yukio/.config/autokey/autokey.json
2020-01-10 23:31:27,587 INFO - config-manager - Configuration changed - rebuilding in-memory structures
2020-01-10 23:31:27,587 INFO - config-manager - Successfully loaded configuration
2020-01-10 23:31:27,587 INFO - service - Starting service
2020-01-10 23:31:27,857 INFO - service - Service now marked as running
2020-01-10 23:31:27,864 INFO - interface - XRecord interface thread starting
2020-01-10 23:31:28,256 INFO - root - Entering main()
2020-01-11 13:36:03,161 INFO - root - Initialising application
2020-01-11 13:36:03,177 INFO - root - Initialise global hotkeys
2020-01-11 13:36:03,177 INFO - config-manager - Loading config from existing file: /home/yukio/.config/autokey/autokey.json
2020-01-11 13:36:03,181 INFO - config-manager - Configuration changed - rebuilding in-memory structures
2020-01-11 13:36:03,181 INFO - config-manager - Successfully loaded configuration
2020-01-11 13:36:03,181 INFO - service - Starting service
2020-01-11 13:36:03,439 INFO - interface - XRecord interface thread starting
2020-01-11 13:36:03,458 INFO - service - Service now marked as running
2020-01-11 13:36:03,878 INFO - root - Entering main()
2020-01-11 13:42:06,437 INFO - root - Initialising application
2020-01-11 13:42:06,456 INFO - root - Initialise global hotkeys
2020-01-11 13:42:06,457 INFO - config-manager - Loading config from existing file: /home/yukio/.config/autokey/autokey.json
2020-01-11 13:42:06,467 INFO - config-manager - Configuration changed - rebuilding in-memory structures
2020-01-11 13:42:06,467 INFO - config-manager - Successfully loaded configuration
2020-01-11 13:42:06,467 INFO - service - Starting service
2020-01-11 13:42:06,764 INFO - interface - XRecord interface thread starting
2020-01-11 13:42:06,776 INFO - service - Service now marked as running
2020-01-11 13:42:07,098 INFO - root - Entering main()
2020-01-11 13:45:05,120 INFO - root - Initialising application
2020-01-11 13:45:05,137 INFO - root - Initialise global hotkeys
2020-01-11 13:45:05,138 INFO - config-manager - Loading config from existing file: /home/yukio/.config/autokey/autokey.json
2020-01-11 13:45:05,141 INFO - config-manager - Configuration changed - rebuilding in-memory structures
2020-01-11 13:45:05,141 INFO - config-manager - Successfully loaded configuration
2020-01-11 13:45:05,142 INFO - service - Starting service
2020-01-11 13:45:05,383 INFO - interface - XRecord interface thread starting
2020-01-11 13:45:05,384 INFO - service - Service now marked as running
2020-01-11 13:45:05,761 INFO - root - Entering main()
2020-01-11 13:49:00,915 INFO - root - Initialising application
2020-01-11 13:49:00,941 INFO - root - Initialise global hotkeys
2020-01-11 13:49:00,941 INFO - config-manager - Loading config from existing file: /home/yukio/.config/autokey/autokey.json
2020-01-11 13:49:00,944 INFO - config-manager - Configuration changed - rebuilding in-memory structures
2020-01-11 13:49:00,944 INFO - config-manager - Successfully loaded configuration
2020-01-11 13:49:00,944 INFO - service - Starting service
2020-01-11 13:49:01,255 INFO - interface - XRecord interface thread starting
2020-01-11 13:49:01,267 INFO - service - Service now marked as running
2020-01-11 13:49:01,700 INFO - root - Entering main()
2020-01-11 13:58:01,945 INFO - root - Initialising application
2020-01-11 13:58:01,974 INFO - root - Initialise global hotkeys
2020-01-11 13:58:01,974 INFO - config-manager - Loading config from existing file: /home/yukio/.config/autokey/autokey.json
2020-01-11 13:58:01,977 INFO - config-manager - Configuration changed - rebuilding in-memory structures
2020-01-11 13:58:01,977 INFO - config-manager - Successfully loaded configuration
2020-01-11 13:58:01,977 INFO - service - Starting service
2020-01-11 13:58:02,250 INFO - interface - XRecord interface thread starting
2020-01-11 13:58:02,279 INFO - service - Service now marked as running
2020-01-11 13:58:02,674 INFO - root - Entering main()
2020-01-11 14:02:37,235 INFO - root - Initialising application
2020-01-11 14:02:37,263 INFO - root - Initialise global hotkeys
2020-01-11 14:02:37,263 INFO - config-manager - Loading config from existing file: /home/yukio/.config/autokey/autokey.json
2020-01-11 14:02:37,267 INFO - config-manager - Configuration changed - rebuilding in-memory structures
2020-01-11 14:02:37,268 INFO - config-manager - Successfully loaded configuration
2020-01-11 14:02:37,268 INFO - service - Starting service
2020-01-11 14:02:37,419 INFO - interface - XRecord interface thread starting
2020-01-11 14:02:37,429 INFO - service - Service now marked as running
2020-01-11 14:02:37,700 INFO - root - Entering main()
2020-01-11 14:05:37,154 INFO - root - Initialising application
2020-01-11 14:05:37,167 INFO - root - Initialise global hotkeys
2020-01-11 14:05:37,167 INFO - config-manager - Loading config from existing file: /home/yukio/.config/autokey/autokey.json
2020-01-11 14:05:37,173 INFO - config-manager - Configuration changed - rebuilding in-memory structures
2020-01-11 14:05:37,174 INFO - config-manager - Successfully loaded configuration
2020-01-11 14:05:37,174 INFO - service - Starting service
2020-01-11 14:05:37,430 INFO - interface - XRecord interface thread starting
2020-01-11 14:05:37,449 INFO - service - Service now marked as running
2020-01-11 14:05:37,728 INFO - root - Entering main()
2020-01-11 14:12:54,925 INFO - root - Initialising application
2020-01-11 14:12:54,951 INFO - root - Initialise global hotkeys
2020-01-11 14:12:54,951 INFO - config-manager - Loading config from existing file: /home/yukio/.config/autokey/autokey.json
2020-01-11 14:12:54,956 INFO - config-manager - Configuration changed - rebuilding in-memory structures
2020-01-11 14:12:54,957 INFO - config-manager - Successfully loaded configuration
2020-01-11 14:12:54,957 INFO - service - Starting service
2020-01-11 14:12:55,211 INFO - interface - XRecord interface thread starting
2020-01-11 14:12:55,211 INFO - service - Service now marked as running
2020-01-11 14:12:55,633 INFO - root - Entering main()
2020-01-11 14:15:58,919 INFO - root - Initialising application
2020-01-11 14:15:58,944 INFO - root - Initialise global hotkeys
2020-01-11 14:15:58,944 INFO - config-manager - Loading config from existing file: /home/yukio/.config/autokey/autokey.json
2020-01-11 14:15:58,948 INFO - config-manager - Configuration changed - rebuilding in-memory structures
2020-01-11 14:15:58,949 INFO - config-manager - Successfully loaded configuration
2020-01-11 14:15:58,949 INFO - service - Starting service
2020-01-11 14:15:59,184 INFO - interface - XRecord interface thread starting
2020-01-11 14:15:59,196 INFO - service - Service now marked as running
2020-01-11 14:15:59,697 INFO - root - Entering main()
2020-01-14 05:51:03,608 INFO - root - Initialising application
2020-01-14 05:51:03,628 INFO - root - Initialise global hotkeys
2020-01-14 05:51:03,628 INFO - config-manager - Loading config from existing file: /home/yukio/.config/autokey/autokey.json
2020-01-14 05:51:03,658 INFO - config-manager - Configuration changed - rebuilding in-memory structures
2020-01-14 05:51:03,660 INFO - config-manager - Successfully loaded configuration
2020-01-14 05:51:03,660 INFO - service - Starting service
2020-01-14 05:51:03,938 INFO - interface - XRecord interface thread starting
2020-01-14 05:51:03,951 INFO - service - Service now marked as running
2020-01-14 05:51:04,276 INFO - root - Entering main()
2020-01-14 20:43:29,739 INFO - root - Initialising application
2020-01-14 20:43:29,767 INFO - root - Initialise global hotkeys
2020-01-14 20:43:29,767 INFO - config-manager - Loading config from existing file: /home/yukio/.config/autokey/autokey.json
2020-01-14 20:43:29,770 INFO - config-manager - Configuration changed - rebuilding in-memory structures
2020-01-14 20:43:29,770 INFO - config-manager - Successfully loaded configuration
2020-01-14 20:43:29,770 INFO - service - Starting service
2020-01-14 20:43:30,054 INFO - interface - XRecord interface thread starting
2020-01-14 20:43:30,068 INFO - service - Service now marked as running
2020-01-14 20:43:30,410 INFO - root - Entering main()
2020-01-14 22:59:42,660 INFO - root - Initialising application
2020-01-14 22:59:42,676 INFO - root - Initialise global hotkeys
2020-01-14 22:59:42,677 INFO - config-manager - Loading config from existing file: /home/yukio/.config/autokey/autokey.json
2020-01-14 22:59:42,682 INFO - config-manager - Configuration changed - rebuilding in-memory structures
2020-01-14 22:59:42,682 INFO - config-manager - Successfully loaded configuration
2020-01-14 22:59:42,682 INFO - service - Starting service
2020-01-14 22:59:42,981 INFO - interface - XRecord interface thread starting
2020-01-14 22:59:42,983 INFO - service - Service now marked as running
2020-01-14 22:59:43,376 INFO - root - Entering main()
2020-01-14 23:09:39,632 INFO - root - Initialising application
2020-01-14 23:09:39,657 INFO - root - Initialise global hotkeys
2020-01-14 23:09:39,657 INFO - config-manager - Loading config from existing file: /home/yukio/.config/autokey/autokey.json
2020-01-14 23:09:39,668 INFO - config-manager - Configuration changed - rebuilding in-memory structures
2020-01-14 23:09:39,668 INFO - config-manager - Successfully loaded configuration
2020-01-14 23:09:39,668 INFO - service - Starting service
2020-01-14 23:09:39,897 INFO - interface - XRecord interface thread starting
2020-01-14 23:09:39,910 INFO - service - Service now marked as running
2020-01-14 23:09:40,313 INFO - root - Entering main()
2020-01-17 19:49:01,115 INFO - root - Initialising application
2020-01-17 19:49:01,136 INFO - root - Initialise global hotkeys
2020-01-17 19:49:01,136 INFO - config-manager - Loading config from existing file: /home/yukio/.config/autokey/autokey.json
2020-01-17 19:49:01,140 INFO - config-manager - Configuration changed - rebuilding in-memory structures
2020-01-17 19:49:01,140 INFO - config-manager - Successfully loaded configuration
2020-01-17 19:49:01,140 INFO - service - Starting service
2020-01-17 19:49:01,374 INFO - interface - XRecord interface thread starting
2020-01-17 19:49:01,375 INFO - service - Service now marked as running
2020-01-17 19:49:01,924 INFO - root - Entering main()
2020-01-17 19:55:36,874 INFO - root - Initialising application
2020-01-17 19:55:36,891 INFO - root - Initialise global hotkeys
2020-01-17 19:55:36,891 INFO - config-manager - Loading config from existing file: /home/yukio/.config/autokey/autokey.json
2020-01-17 19:55:36,896 INFO - config-manager - Configuration changed - rebuilding in-memory structures
2020-01-17 19:55:36,896 INFO - config-manager - Successfully loaded configuration
2020-01-17 19:55:36,897 INFO - service - Starting service
2020-01-17 19:55:37,195 INFO - interface - XRecord interface thread starting
2020-01-17 19:55:37,213 INFO - service - Service now marked as running
2020-01-17 19:55:37,503 INFO - root - Entering main()
2020-01-17 20:28:02,985 INFO - root - Initialising application
2020-01-17 20:28:03,026 INFO - root - Initialise global hotkeys
2020-01-17 20:28:03,027 INFO - config-manager - Loading config from existing file: /home/yukio/.config/autokey/autokey.json
2020-01-17 20:28:03,038 INFO - config-manager - Configuration changed - rebuilding in-memory structures
2020-01-17 20:28:03,039 INFO - config-manager - Successfully loaded configuration
2020-01-17 20:28:03,039 INFO - service - Starting service
2020-01-17 20:28:03,305 INFO - interface - XRecord interface thread starting
2020-01-17 20:28:03,309 INFO - service - Service now marked as running
2020-01-17 20:28:03,672 INFO - root - Entering main()
2020-01-17 21:56:44,669 INFO - root - Displaying configuration window
2020-01-17 21:56:48,440 INFO - config-manager - Configuration changed - rebuilding in-memory structures
2020-01-17 21:56:48,440 INFO - config-manager - Persisting configuration
2020-01-17 21:56:48,441 INFO - config-manager - Backing up existing config file
2020-01-17 21:56:48,442 INFO - config-manager - Finished persisting configuration - no errors
2020-01-18 12:20:05,711 INFO - root - Initialising application
2020-01-18 12:20:05,738 INFO - root - Initialise global hotkeys
2020-01-18 12:20:05,739 INFO - config-manager - Loading config from existing file: /home/yukio/.config/autokey/autokey.json
2020-01-18 12:20:05,748 INFO - config-manager - Configuration changed - rebuilding in-memory structures
2020-01-18 12:20:05,749 INFO - config-manager - Successfully loaded configuration
2020-01-18 12:20:05,751 INFO - service - Starting service
2020-01-18 12:20:06,055 INFO - interface - XRecord interface thread starting
2020-01-18 12:20:06,066 INFO - service - Service now marked as running
2020-01-18 12:20:06,680 INFO - root - Entering main()
2020-01-18 12:32:09,375 INFO - root - Initialising application
2020-01-18 12:32:09,393 INFO - root - Initialise global hotkeys
2020-01-18 12:32:09,393 INFO - config-manager - Loading config from existing file: /home/yukio/.config/autokey/autokey.json
2020-01-18 12:32:09,394 INFO - config-manager - Configuration changed - rebuilding in-memory structures
2020-01-18 12:32:09,395 INFO - config-manager - Successfully loaded configuration
2020-01-18 12:32:09,395 INFO - service - Starting service
2020-01-18 12:32:09,697 INFO - interface - XRecord interface thread starting
2020-01-18 12:32:09,709 INFO - service - Service now marked as running
2020-01-18 12:32:10,148 INFO - root - Entering main()
2020-01-18 22:58:19,032 INFO - root - Initialising application
2020-01-18 22:58:19,066 INFO - root - Initialise global hotkeys
2020-01-18 22:58:19,066 INFO - config-manager - Loading config from existing file: /home/yukio/.config/autokey/autokey.json
2020-01-18 22:58:19,067 INFO - config-manager - Configuration changed - rebuilding in-memory structures
2020-01-18 22:58:19,068 INFO - config-manager - Successfully loaded configuration
2020-01-18 22:58:19,068 INFO - service - Starting service
2020-01-18 22:58:19,368 INFO - interface - XRecord interface thread starting
2020-01-18 22:58:19,388 INFO - service - Service now marked as running
2020-01-18 22:58:20,090 INFO - root - Entering main()
2020-01-19 00:09:58,020 INFO - root - Displaying configuration window
2020-01-19 00:10:00,524 INFO - config-manager - Configuration changed - rebuilding in-memory structures
2020-01-19 00:10:00,524 INFO - config-manager - Persisting configuration
2020-01-19 00:10:00,525 INFO - config-manager - Backing up existing config file
2020-01-19 00:10:00,527 INFO - config-manager - Finished persisting configuration - no errors
2020-01-19 08:29:23,860 INFO - root - Initialising application
2020-01-19 08:29:23,891 INFO - root - Initialise global hotkeys
2020-01-19 08:29:23,891 INFO - config-manager - Loading config from existing file: /home/yukio/.config/autokey/autokey.json
2020-01-19 08:29:23,893 INFO - config-manager - Configuration changed - rebuilding in-memory structures
2020-01-19 08:29:23,897 INFO - config-manager - Successfully loaded configuration
2020-01-19 08:29:23,897 INFO - service - Starting service
2020-01-19 08:29:24,203 INFO - interface - XRecord interface thread starting
2020-01-19 08:29:24,217 INFO - service - Service now marked as running
2020-01-19 08:29:24,527 INFO - root - Entering main()
2020-01-19 11:46:27,386 INFO - root - Initialising application
2020-01-19 11:46:27,409 INFO - root - Initialise global hotkeys
2020-01-19 11:46:27,409 INFO - config-manager - Loading config from existing file: /home/yukio/.config/autokey/autokey.json
2020-01-19 11:46:27,410 INFO - config-manager - Configuration changed - rebuilding in-memory structures
2020-01-19 11:46:27,410 INFO - config-manager - Successfully loaded configuration
2020-01-19 11:46:27,410 INFO - service - Starting service
2020-01-19 11:46:27,659 INFO - interface - XRecord interface thread starting
2020-01-19 11:46:27,671 INFO - service - Service now marked as running
2020-01-19 11:46:28,069 INFO - root - Entering main()
2020-01-19 12:26:25,827 INFO - root - Initialising application
2020-01-19 12:26:25,881 INFO - root - Initialise global hotkeys
2020-01-19 12:26:25,882 INFO - config-manager - Loading config from existing file: /home/yukio/.config/autokey/autokey.json
2020-01-19 12:26:25,883 INFO - config-manager - Configuration changed - rebuilding in-memory structures
2020-01-19 12:26:25,883 INFO - config-manager - Successfully loaded configuration
2020-01-19 12:26:25,883 INFO - service - Starting service
2020-01-19 12:26:26,115 INFO - interface - XRecord interface thread starting
2020-01-19 12:26:26,123 INFO - service - Service now marked as running
2020-01-19 12:26:26,385 INFO - root - Entering main()
